<?xml version="1.0" encoding="UTF-8"?>
<!-- Generated by org.testng.reporters.JUnitXMLReporter -->
<testsuite hostname="dell-PC" name="Regression Test" tests="10" failures="0" timestamp="26 Feb 2018 02:23:37 GMT" time="212.562" errors="0">
  <testcase name="verifyTitle" time="0.143" classname="testCases.VerifyProfilePage"/>
  <testcase name="verifyTitle" time="0.014" classname="testCases.VerifyPatientHomePage"/>
  <testcase name="confirmRegistrationPage" time="1.423" classname="testCases.VerifyPatientRegisterPage"/>
  <testcase name="verifyTitle" time="0.009" classname="testCases.VerifyMMPHomePage"/>
  <testcase name="verifyTitle" time="0.012" classname="testCases.VerifyPatientLoginPage"/>
  <testcase name="appLogin" time="7.792" classname="testCases.VerifyProfilePage"/>
  <testcase name="appLogin" time="5.096" classname="testCases.VerifyPatientHomePage"/>
  <testcase name="appLogin" time="4.637" classname="testCases.VerifyPatientLoginPage"/>
  <testcase name="validateTitleAndUsername" time="0.075" classname="testCases.VerifyProfilePage"/>
  <testcase name="navigateToProfilePage" time="15.626" classname="testCases.VerifyProfilePage"/>
</testsuite> <!-- Regression Test -->
