<?xml version="1.0" encoding="UTF-8"?>
<!-- Generated by org.testng.reporters.JUnitXMLReporter -->
<testsuite hostname="dell-PC" name="Regression Test" tests="10" failures="0" timestamp="24 Feb 2018 23:20:48 GMT" time="156.318" errors="0">
  <testcase name="verifyTitle" time="0.048" classname="testCases.VerifyProfilePage"/>
  <testcase name="appLogin" time="7.986" classname="testCases.VerifyProfilePage"/>
  <testcase name="validateTitleAndUsername" time="0.08" classname="testCases.VerifyProfilePage"/>
  <testcase name="navigateToProfilePage" time="15.62" classname="testCases.VerifyProfilePage"/>
  <testcase name="verifyTitle" time="0.01" classname="testCases.VerifyPatientHomePage"/>
  <testcase name="appLogin" time="6.927" classname="testCases.VerifyPatientHomePage"/>
  <testcase name="confirmRegistrationPage" time="0.587" classname="testCases.VerifyPatientRegisterPage"/>
  <testcase name="verifyTitle" time="0.01" classname="testCases.VerifyMMPHomePage"/>
  <testcase name="verifyTitle" time="0.01" classname="testCases.VerifyPatientLoginPage"/>
  <testcase name="appLogin" time="4.754" classname="testCases.VerifyPatientLoginPage"/>
</testsuite> <!-- Regression Test -->
