<?xml version="1.0" encoding="UTF-8"?>
<!-- Generated by org.testng.reporters.JUnitXMLReporter -->
<testsuite hostname="dell-PC" name="MMPSmokeTest" tests="3" failures="0" timestamp="24 Feb 2018 17:28:57 GMT" time="52.421" errors="0">
  <testcase name="verifyTitle" time="0.051" classname="testCases.VerifyMMPHomePage"/>
  <testcase name="verifyTitle" time="0.012" classname="testCases.VerifyPatientLoginPage"/>
  <testcase name="appLogin" time="5.066" classname="testCases.VerifyPatientLoginPage"/>
</testsuite> <!-- MMPSmokeTest -->
