<?xml version="1.0" encoding="UTF-8"?>
<!-- Generated by org.testng.reporters.JUnitXMLReporter -->
<testsuite hostname="dell-PC" name="MMPSmokeTest" tests="3" failures="0" timestamp="15 Nov 2017 22:28:17 GMT" time="67.098" errors="0">
  <testcase name="verifyTitle" time="0.153" classname="testCases.VerifyMMPHomePage"/>
  <testcase name="verifyTitle" time="0.013" classname="testCases.VerifyPatientLoginPage"/>
  <testcase name="appLogin" time="7.186" classname="testCases.VerifyPatientLoginPage"/>
</testsuite> <!-- MMPSmokeTest -->
