<?xml version="1.0" encoding="UTF-8"?>
<!-- Generated by org.testng.reporters.JUnitXMLReporter -->
<testsuite hostname="dell-PC" name="Default test" tests="4" failures="0" timestamp="26 Feb 2018 00:29:10 GMT" time="47.636" errors="0">
  <testcase name="verifyTitle" time="0.117" classname="testCases.VerifyProfilePage"/>
  <testcase name="appLogin" time="7.842" classname="testCases.VerifyProfilePage"/>
  <testcase name="validateTitleAndUsername" time="0.124" classname="testCases.VerifyProfilePage"/>
  <testcase name="navigateToProfilePage" time="15.762" classname="testCases.VerifyProfilePage"/>
</testsuite> <!-- Default test -->
