<?xml version="1.0" encoding="UTF-8"?>
<testng-results skipped="0" failed="0" total="10" passed="10">
  <reporter-output>
    <line>
      <![CDATA[MMPHomePage title is verified]]>
    </line>
    <line>
      <![CDATA[Logged into PatientHomePage]]>
    </line>
    <line>
      <![CDATA[verified Home Page title]]>
    </line>
    <line>
      <![CDATA[Profile has been updated]]>
    </line>
  </reporter-output>
  <suite name="RegressionSuite" duration-ms="212562" started-at="2018-02-26T02:20:04Z" finished-at="2018-02-26T02:23:37Z">
    <groups>
    </groups>
    <test name="Regression Test" duration-ms="212562" started-at="2018-02-26T02:20:04Z" finished-at="2018-02-26T02:23:37Z">
      <class name="testCases.VerifyMMPHomePage">
        <test-method status="PASS" signature="setUp()[pri:0, instance:testCases.VerifyMMPHomePage@598067a5]" name="setUp" is-config="true" duration-ms="30419" started-at="2018-02-25T21:20:04Z" finished-at="2018-02-25T21:20:35Z">
          <reporter-output>
          </reporter-output>
        </test-method> <!-- setUp -->
        <test-method status="PASS" signature="setUp()[pri:0, instance:testCases.VerifyProfilePage@31ef45e3]" name="setUp" is-config="true" duration-ms="57740" started-at="2018-02-25T21:20:35Z" finished-at="2018-02-25T21:21:33Z">
          <reporter-output>
          </reporter-output>
        </test-method> <!-- setUp -->
        <test-method status="PASS" signature="verifyTitle()[pri:0, instance:testCases.VerifyMMPHomePage@598067a5]" name="verifyTitle" duration-ms="9" started-at="2018-02-25T21:22:14Z" finished-at="2018-02-25T21:22:14Z">
          <reporter-output>
          </reporter-output>
        </test-method> <!-- verifyTitle -->
        <test-method status="PASS" signature="tearDown()[pri:0, instance:testCases.VerifyMMPHomePage@598067a5]" name="tearDown" is-config="true" duration-ms="1" started-at="2018-02-25T21:23:37Z" finished-at="2018-02-25T21:23:37Z">
          <reporter-output>
          </reporter-output>
        </test-method> <!-- tearDown -->
        <test-method status="PASS" signature="closeReport()[pri:0, instance:testCases.VerifyProfilePage@31ef45e3]" name="closeReport" is-config="true" duration-ms="0" started-at="2018-02-25T21:23:37Z" finished-at="2018-02-25T21:23:37Z">
          <reporter-output>
          </reporter-output>
        </test-method> <!-- closeReport -->
      </class> <!-- testCases.VerifyMMPHomePage -->
      <class name="testCases.VerifyPatientRegisterPage">
        <test-method status="PASS" signature="setUp()[pri:0, instance:testCases.VerifyPatientRegisterPage@5f341870]" name="setUp" is-config="true" duration-ms="16505" started-at="2018-02-25T21:21:55Z" finished-at="2018-02-25T21:22:11Z">
          <reporter-output>
          </reporter-output>
        </test-method> <!-- setUp -->
        <test-method status="PASS" signature="confirmRegistrationPage()[pri:0, instance:testCases.VerifyPatientRegisterPage@5f341870]" name="confirmRegistrationPage" duration-ms="1423" started-at="2018-02-25T21:22:11Z" finished-at="2018-02-25T21:22:13Z">
          <reporter-output>
          </reporter-output>
        </test-method> <!-- confirmRegistrationPage -->
        <test-method status="PASS" signature="tearDown()[pri:0, instance:testCases.VerifyPatientRegisterPage@5f341870]" name="tearDown" is-config="true" duration-ms="814" started-at="2018-02-25T21:22:13Z" finished-at="2018-02-25T21:22:14Z">
          <reporter-output>
          </reporter-output>
        </test-method> <!-- tearDown -->
      </class> <!-- testCases.VerifyPatientRegisterPage -->
      <class name="testCases.VerifyPatientLoginPage">
        <test-method status="PASS" signature="setUp()[pri:0, instance:testCases.VerifyPatientLoginPage@553f17c]" name="setUp" is-config="true" duration-ms="15190" started-at="2018-02-25T21:22:14Z" finished-at="2018-02-25T21:22:29Z">
          <reporter-output>
          </reporter-output>
        </test-method> <!-- setUp -->
        <test-method status="PASS" signature="verifyTitle()[pri:0, instance:testCases.VerifyPatientLoginPage@553f17c]" name="verifyTitle" duration-ms="12" started-at="2018-02-25T21:22:29Z" finished-at="2018-02-25T21:22:29Z">
          <reporter-output>
          </reporter-output>
        </test-method> <!-- verifyTitle -->
        <test-method status="PASS" signature="tearDown()[pri:0, instance:testCases.VerifyPatientLoginPage@553f17c]" name="tearDown" is-config="true" duration-ms="789" started-at="2018-02-25T21:22:29Z" finished-at="2018-02-25T21:22:30Z">
          <reporter-output>
          </reporter-output>
        </test-method> <!-- tearDown -->
        <test-method status="PASS" signature="setUp()[pri:0, instance:testCases.VerifyPatientLoginPage@553f17c]" name="setUp" is-config="true" duration-ms="16221" started-at="2018-02-25T21:23:00Z" finished-at="2018-02-25T21:23:16Z">
          <reporter-output>
          </reporter-output>
        </test-method> <!-- setUp -->
        <test-method status="PASS" signature="appLogin()[pri:1, instance:testCases.VerifyPatientLoginPage@553f17c]" name="appLogin" duration-ms="4637" started-at="2018-02-25T21:23:16Z" finished-at="2018-02-25T21:23:21Z">
          <reporter-output>
          </reporter-output>
        </test-method> <!-- appLogin -->
        <test-method status="PASS" signature="tearDown()[pri:0, instance:testCases.VerifyPatientLoginPage@553f17c]" name="tearDown" is-config="true" duration-ms="606" started-at="2018-02-25T21:23:21Z" finished-at="2018-02-25T21:23:21Z">
          <reporter-output>
          </reporter-output>
        </test-method> <!-- tearDown -->
      </class> <!-- testCases.VerifyPatientLoginPage -->
      <class name="testCases.VerifyPatientHomePage">
        <test-method status="PASS" signature="setUp()[pri:0, instance:testCases.VerifyPatientHomePage@14bf9759]" name="setUp" is-config="true" duration-ms="20112" started-at="2018-02-25T21:21:33Z" finished-at="2018-02-25T21:21:53Z">
          <reporter-output>
          </reporter-output>
        </test-method> <!-- setUp -->
        <test-method status="PASS" signature="verifyTitle()[pri:0, instance:testCases.VerifyPatientHomePage@14bf9759]" name="verifyTitle" duration-ms="14" started-at="2018-02-25T21:21:53Z" finished-at="2018-02-25T21:21:53Z">
          <reporter-output>
          </reporter-output>
        </test-method> <!-- verifyTitle -->
        <test-method status="PASS" signature="tearDown()[pri:0, instance:testCases.VerifyPatientHomePage@14bf9759]" name="tearDown" is-config="true" duration-ms="1973" started-at="2018-02-25T21:21:53Z" finished-at="2018-02-25T21:21:55Z">
          <reporter-output>
          </reporter-output>
        </test-method> <!-- tearDown -->
        <test-method status="PASS" signature="setUp()[pri:0, instance:testCases.VerifyPatientHomePage@14bf9759]" name="setUp" is-config="true" duration-ms="16576" started-at="2018-02-25T21:22:37Z" finished-at="2018-02-25T21:22:54Z">
          <reporter-output>
          </reporter-output>
        </test-method> <!-- setUp -->
        <test-method status="PASS" signature="appLogin()[pri:1, instance:testCases.VerifyPatientHomePage@14bf9759]" name="appLogin" duration-ms="5096" started-at="2018-02-25T21:22:54Z" finished-at="2018-02-25T21:22:59Z">
          <reporter-output>
          </reporter-output>
        </test-method> <!-- appLogin -->
        <test-method status="PASS" signature="tearDown()[pri:0, instance:testCases.VerifyPatientHomePage@14bf9759]" name="tearDown" is-config="true" duration-ms="754" started-at="2018-02-25T21:22:59Z" finished-at="2018-02-25T21:23:00Z">
          <reporter-output>
          </reporter-output>
        </test-method> <!-- tearDown -->
      </class> <!-- testCases.VerifyPatientHomePage -->
      <class name="testCases.VerifyProfilePage">
        <test-method status="PASS" signature="verifyTitle()[pri:0, instance:testCases.VerifyProfilePage@31ef45e3]" name="verifyTitle" duration-ms="143" started-at="2018-02-25T21:21:33Z" finished-at="2018-02-25T21:21:33Z">
          <reporter-output>
            <line>
              <![CDATA[MMPHomePage title is verified]]>
            </line>
          </reporter-output>
        </test-method> <!-- verifyTitle -->
        <test-method status="PASS" signature="appLogin()[pri:1, instance:testCases.VerifyProfilePage@31ef45e3]" name="appLogin" duration-ms="7792" started-at="2018-02-25T21:22:30Z" finished-at="2018-02-25T21:22:37Z">
          <reporter-output>
            <line>
              <![CDATA[Logged into PatientHomePage]]>
            </line>
          </reporter-output>
        </test-method> <!-- appLogin -->
        <test-method status="PASS" signature="validateTitleAndUsername()[pri:2, instance:testCases.VerifyProfilePage@31ef45e3]" name="validateTitleAndUsername" duration-ms="75" started-at="2018-02-25T21:23:21Z" description="Verify Title &amp; Username - PatientHomePage" depends-on-methods="testCases.VerifyProfilePage.appLogin" finished-at="2018-02-25T21:23:21Z">
          <reporter-output>
            <line>
              <![CDATA[verified Home Page title]]>
            </line>
          </reporter-output>
        </test-method> <!-- validateTitleAndUsername -->
        <test-method status="PASS" signature="navigateToProfilePage()[pri:0, instance:testCases.VerifyProfilePage@31ef45e3]" name="navigateToProfilePage" duration-ms="15626" started-at="2018-02-25T21:23:21Z" depends-on-methods="testCases.VerifyProfilePage.validateTitleAndUsername" finished-at="2018-02-25T21:23:37Z">
          <reporter-output>
            <line>
              <![CDATA[Profile has been updated]]>
            </line>
          </reporter-output>
        </test-method> <!-- navigateToProfilePage -->
      </class> <!-- testCases.VerifyProfilePage -->
    </test> <!-- Regression Test -->
  </suite> <!-- RegressionSuite -->
</testng-results>
